---------------------------------18:39:9-------------------------------
[18:39:9][3DBOX] Initing window
[18:39:10][3DBOX] Window setuping
[18:39:27][3DBOX] Initing settings
[18:39:27][3DBOX] Settings ok
---------------------------------19:54:6-------------------------------
[19:54:6][3DBOX] Initing window
[19:54:6][3DBOX] Window setuping
[19:54:19][3DBOX] Delte world: 演示世界 suffciy
[19:54:19][3DBOX] Window setuping
[19:54:21][3DBOX] Initing settings
[19:54:21][3DBOX] Settings ok
---------------------------------19:54:29-------------------------------
[19:54:29][3DBOX] Initing window
[19:54:29][3DBOX] Window setuping
[19:54:31][3DBOX] Initing settings
[19:54:31][3DBOX] Settings ok
---------------------------------19:54:38-------------------------------
[19:54:38][3DBOX] Initing window
[19:54:38][3DBOX] Window setuping
[19:54:57][3DBOX] Game initing
screen resolution: (1920, 1080)
os: Windows
development mode: True
application successfully started
info: changed aspect ratio: 1.778 -> 1.778
info: changed aspect ratio: 1.778 -> 1.778
[19:55:1][3DBOX] New block box
[19:55:2][3DBOX] New block box
[19:55:3][3DBOX] New block box
[19:55:4][3DBOX] New block box
[19:55:5][3DBOX] New block box
[19:55:6][3DBOX] New block box
[19:55:6][3DBOX] New block box
[19:55:7][3DBOX] New block box
[19:55:8][3DBOX] New block box
[19:55:16][3DBOX] Delte block box
[19:55:17][3DBOX] Saving world
[19:55:17][3DBOX] Saved world
[19:55:17][3DBOX] Delte block box
[19:55:17][3DBOX] Delte block box
[19:55:27][3DBOX] Delte block box
[19:55:28][3DBOX] Delte block box
[19:55:29][3DBOX] New block box
[19:55:29][3DBOX] New block box
[19:55:33][3DBOX] Saving world
[19:55:33][3DBOX] Saved world
[19:55:33][3DBOX] Game exit
