---------------------------------17:56:51-------------------------------
[17:56:51][3DBOX] Initing window
[17:56:51][3DBOX] Window setuping
[17:57:3][3DBOX] Game initing
screen resolution: (1920, 1080)
os: Windows
development mode: True
application successfully started
info: changed aspect ratio: 1.778 -> 1.778
info: changed aspect ratio: 1.778 -> 1.778
[17:57:17][3DBOX] Delte block box
[17:57:17][3DBOX] Delte block box
[17:57:17][3DBOX] Delte block box
[17:57:18][3DBOX] Delte block box
[17:57:18][3DBOX] Delte block box
[17:57:19][3DBOX] Delte block box
[17:57:19][3DBOX] Delte block box
[17:57:19][3DBOX] Delte block box
[17:57:20][3DBOX] Delte block box
[17:57:20][3DBOX] Delte block box
[17:57:20][3DBOX] Delte block box
[17:57:20][3DBOX] Delte block box
[17:57:21][3DBOX] Delte block box
[17:57:21][3DBOX] Delte block box
[17:57:21][3DBOX] Delte block box
[17:57:21][3DBOX] Delte block box
[17:57:23][3DBOX] New block box
[17:57:23][3DBOX] Saving world
[17:57:23][3DBOX] Saved world
[17:57:24][3DBOX] Delte block box
[17:57:24][3DBOX] Delte block box
[17:57:25][3DBOX] Delte block box
[17:57:25][3DBOX] Delte block box
[17:57:25][3DBOX] Delte block box
[17:57:25][3DBOX] Delte block box
[17:57:25][3DBOX] Delte block box
[17:57:26][3DBOX] Delte block box
[17:57:26][3DBOX] Delte block box
[17:57:26][3DBOX] Delte block box
[17:57:26][3DBOX] Delte block box
[17:57:27][3DBOX] Delte block box
[17:57:27][3DBOX] Delte block box
[17:57:27][3DBOX] Delte block box
[17:57:27][3DBOX] Delte block box
[17:57:27][3DBOX] Delte block box
[17:57:34][3DBOX] Delte block box
[17:57:34][3DBOX] Delte block box
[17:57:35][3DBOX] Delte block box
[17:57:37][3DBOX] Delte block box
[17:57:38][3DBOX] Delte block box
[17:57:38][3DBOX] Delte block box
[17:57:38][3DBOX] Delte block box
[17:57:39][3DBOX] New block box
[17:57:41][3DBOX] Delte block box
[17:57:41][3DBOX] Delte block box
[17:57:42][3DBOX] Delte block box
[17:57:42][3DBOX] Delte block box
[17:57:42][3DBOX] Delte block box
[17:57:42][3DBOX] Delte block box
[17:57:43][3DBOX] Delte block box
[17:57:43][3DBOX] Saving world
[17:57:43][3DBOX] Saved world
[17:57:43][3DBOX] Delte block box
[17:57:43][3DBOX] Delte block box
[17:57:44][3DBOX] Delte block box
[17:57:44][3DBOX] Delte block box
[17:57:48][3DBOX] Delte block box
[17:57:48][3DBOX] Delte block box
[17:57:49][3DBOX] Delte block box
[17:57:50][3DBOX] Delte block box
[17:57:50][3DBOX] Delte block box
[17:57:50][3DBOX] Delte block box
[17:57:51][3DBOX] Delte block box
[17:57:51][3DBOX] Delte block box
[17:57:51][3DBOX] Delte block box
[17:57:51][3DBOX] Delte block box
[17:57:51][3DBOX] Delte block box
[17:57:52][3DBOX] Delte block box
[17:57:52][3DBOX] Delte block box
[17:57:52][3DBOX] Delte block box
[17:57:52][3DBOX] Delte block box
[17:57:53][3DBOX] Delte block box
[17:57:55][3DBOX] Delte block box
[17:57:55][3DBOX] Delte block box
[17:57:55][3DBOX] Delte block box
[17:57:55][3DBOX] Delte block box
[17:57:55][3DBOX] Delte block box
[17:57:56][3DBOX] Delte block box
[17:57:56][3DBOX] Delte block box
[17:57:56][3DBOX] Delte block box
[17:57:57][3DBOX] Delte block box
[17:57:57][3DBOX] Delte block box
[17:57:57][3DBOX] Delte block box
[17:57:57][3DBOX] Delte block box
[17:57:57][3DBOX] Delte block box
[17:57:58][3DBOX] Delte block box
[17:57:58][3DBOX] Delte block box
[17:57:58][3DBOX] Delte block box
[17:57:59][3DBOX] Delte block box
[17:57:59][3DBOX] Delte block box
[17:57:59][3DBOX] Delte block box
[17:57:59][3DBOX] Delte block box
[17:58:0][3DBOX] Delte block box
[17:58:0][3DBOX] Delte block box
[17:58:0][3DBOX] Delte block box
[17:58:0][3DBOX] Delte block box
[17:58:0][3DBOX] Delte block box
[17:58:1][3DBOX] Delte block box
[17:58:1][3DBOX] Delte block box
[17:58:1][3DBOX] Delte block box
[17:58:1][3DBOX] Delte block box
[17:58:2][3DBOX] Delte block box
[17:58:2][3DBOX] Delte block box
[17:58:2][3DBOX] Delte block box
[17:58:3][3DBOX] Delte block box
[17:58:3][3DBOX] Delte block box
[17:58:3][3DBOX] Saving world
[17:58:3][3DBOX] Saved world
[17:58:3][3DBOX] Delte block box
[17:58:3][3DBOX] Delte block box
[17:58:4][3DBOX] Delte block box
[17:58:4][3DBOX] Delte block box
[17:58:4][3DBOX] Delte block box
[17:58:4][3DBOX] Delte block box
[17:58:5][3DBOX] Delte block box
[17:58:5][3DBOX] Delte block box
[17:58:5][3DBOX] Delte block box
[17:58:5][3DBOX] Delte block box
[17:58:6][3DBOX] Delte block box
[17:58:6][3DBOX] Delte block box
[17:58:6][3DBOX] Delte block box
[17:58:6][3DBOX] Delte block box
[17:58:7][3DBOX] Delte block box
[17:58:7][3DBOX] Delte block box
[17:58:7][3DBOX] Delte block box
[17:58:7][3DBOX] Delte block box
[17:58:8][3DBOX] Delte block box
[17:58:8][3DBOX] Delte block box
[17:58:8][3DBOX] Delte block box
[17:58:8][3DBOX] Delte block box
[17:58:9][3DBOX] Delte block box
[17:58:9][3DBOX] Delte block box
[17:58:9][3DBOX] Delte block box
[17:58:9][3DBOX] Delte block box
[17:58:10][3DBOX] Delte block box
[17:58:10][3DBOX] Delte block box
[17:58:10][3DBOX] Delte block box
[17:58:10][3DBOX] Delte block box
[17:58:11][3DBOX] Delte block box
[17:58:11][3DBOX] Delte block box
[17:58:11][3DBOX] Delte block box
[17:58:11][3DBOX] Delte block box
[17:58:13][3DBOX] Delte block box
[17:58:13][3DBOX] Delte block box
[17:58:14][3DBOX] Delte block box
[17:58:14][3DBOX] Delte block box
[17:58:14][3DBOX] Delte block box
[17:58:14][3DBOX] Delte block box
[17:58:15][3DBOX] Delte block box
[17:58:15][3DBOX] Delte block box
[17:58:15][3DBOX] Delte block box
[17:58:15][3DBOX] Delte block box
[17:58:15][3DBOX] Delte block box
[17:58:16][3DBOX] Delte block box
[17:58:16][3DBOX] Delte block box
[17:58:17][3DBOX] Delte block box
[17:58:17][3DBOX] Delte block box
[17:58:17][3DBOX] Delte block box
[17:58:18][3DBOX] Delte block box
[17:58:18][3DBOX] Delte block box
[17:58:19][3DBOX] Delte block box
[17:58:19][3DBOX] Delte block box
[17:58:19][3DBOX] Delte block box
[17:58:19][3DBOX] Delte block box
[17:58:20][3DBOX] Delte block box
[17:58:20][3DBOX] Delte block box
[17:58:20][3DBOX] Delte block box
[17:58:20][3DBOX] Delte block box
[17:58:21][3DBOX] Delte block box
[17:58:21][3DBOX] Delte block box
[17:58:21][3DBOX] Delte block box
[17:58:21][3DBOX] Delte block box
[17:58:23][3DBOX] Delte block box
[17:58:23][3DBOX] Saving world
[17:58:23][3DBOX] Saved world
[17:58:23][3DBOX] Delte block box
[17:58:24][3DBOX] Delte block box
[17:58:24][3DBOX] Delte block box
[17:58:25][3DBOX] Delte block box
[17:58:25][3DBOX] Delte block box
[17:58:26][3DBOX] Delte block box
[17:58:26][3DBOX] Delte block box
[17:58:27][3DBOX] Delte block box
[17:58:27][3DBOX] Delte block box
[17:58:27][3DBOX] Delte block box
[17:58:27][3DBOX] Delte block box
[17:58:27][3DBOX] Delte block box
[17:58:28][3DBOX] Delte block box
[17:58:28][3DBOX] Delte block box
[17:58:28][3DBOX] Delte block box
[17:58:29][3DBOX] Delte block box
[17:58:31][3DBOX] Delte block box
[17:58:32][3DBOX] Delte block box
[17:58:32][3DBOX] Delte block box
[17:58:33][3DBOX] Delte block box
[17:58:33][3DBOX] Delte block box
[17:58:34][3DBOX] Delte block box
[17:58:34][3DBOX] Delte block box
[17:58:34][3DBOX] Delte block box
[17:58:35][3DBOX] Delte block box
[17:58:35][3DBOX] Delte block box
[17:58:36][3DBOX] Delte block box
[17:58:36][3DBOX] Delte block box
[17:58:36][3DBOX] Delte block box
[17:58:37][3DBOX] Delte block box
[17:58:37][3DBOX] Delte block box
[17:58:37][3DBOX] Delte block box
[17:58:42][3DBOX] New block box
[17:58:42][3DBOX] New block box
[17:58:42][3DBOX] New block box
[17:58:43][3DBOX] New block box
[17:58:43][3DBOX] Saving world
[17:58:43][3DBOX] Saved world
[17:58:49][3DBOX] New block box
[17:58:50][3DBOX] New block box
[17:58:50][3DBOX] New block box
[17:58:50][3DBOX] New block box
[17:58:54][3DBOX] Delte block box
[17:58:54][3DBOX] Delte block box
[17:58:54][3DBOX] Delte block box
[17:58:55][3DBOX] Delte block box
[17:58:55][3DBOX] Delte block box
[17:58:56][3DBOX] Delte block box
[17:58:56][3DBOX] Delte block box
[17:58:56][3DBOX] Delte block box
[17:58:56][3DBOX] Delte block box
[17:58:57][3DBOX] Delte block box
[17:58:57][3DBOX] Delte block box
[17:58:57][3DBOX] Delte block box
[17:58:58][3DBOX] Delte block box
[17:58:58][3DBOX] Delte block box
[17:58:58][3DBOX] Delte block box
[17:58:59][3DBOX] Delte block box
[17:58:59][3DBOX] Delte block box
[17:58:59][3DBOX] Delte block box
[17:58:59][3DBOX] Delte block box
[17:59:0][3DBOX] Delte block box
[17:59:0][3DBOX] Delte block box
[17:59:0][3DBOX] Delte block box
[17:59:0][3DBOX] Delte block box
[17:59:0][3DBOX] Delte block box
[17:59:1][3DBOX] Delte block box
[17:59:2][3DBOX] Delte block box
[17:59:3][3DBOX] Delte block box
[17:59:3][3DBOX] Saving world
[17:59:3][3DBOX] Delte block box
[17:59:3][3DBOX] Saved world
[17:59:4][3DBOX] Delte block box
[17:59:7][3DBOX] Delte block box
[17:59:13][3DBOX] Delte block box
[17:59:13][3DBOX] Delte block box
[17:59:14][3DBOX] Delte block box
[17:59:14][3DBOX] Delte block box
[17:59:14][3DBOX] Delte block box
[17:59:14][3DBOX] Delte block box
[17:59:15][3DBOX] Delte block box
[17:59:15][3DBOX] Delte block box
[17:59:15][3DBOX] Delte block box
[17:59:16][3DBOX] Delte block box
[17:59:16][3DBOX] Delte block box
[17:59:16][3DBOX] Delte block box
[17:59:16][3DBOX] Delte block box
[17:59:17][3DBOX] Delte block box
[17:59:17][3DBOX] Delte block box
[17:59:17][3DBOX] Delte block box
[17:59:17][3DBOX] Delte block box
[17:59:17][3DBOX] Delte block box
[17:59:18][3DBOX] Delte block box
[17:59:18][3DBOX] Delte block box
[17:59:19][3DBOX] Delte block box
[17:59:19][3DBOX] Delte block box
[17:59:19][3DBOX] Delte block box
[17:59:19][3DBOX] Delte block box
[17:59:19][3DBOX] Delte block box
[17:59:20][3DBOX] Delte block box
[17:59:20][3DBOX] Delte block box
[17:59:20][3DBOX] Delte block box
[17:59:20][3DBOX] Delte block box
[17:59:21][3DBOX] Delte block box
[17:59:21][3DBOX] Delte block box
[17:59:21][3DBOX] Delte block box
[17:59:21][3DBOX] Delte block box
[17:59:21][3DBOX] Delte block box
[17:59:22][3DBOX] Delte block box
[17:59:22][3DBOX] Delte block box
[17:59:22][3DBOX] Delte block box
[17:59:22][3DBOX] Delte block box
[17:59:23][3DBOX] Delte block box
[17:59:23][3DBOX] Delte block box
[17:59:23][3DBOX] Delte block box
[17:59:23][3DBOX] Delte block box
[17:59:23][3DBOX] Saving world
[17:59:23][3DBOX] Saved world
[17:59:23][3DBOX] Delte block box
[17:59:24][3DBOX] Delte block box
[17:59:24][3DBOX] Delte block box
[17:59:24][3DBOX] Delte block box
[17:59:26][3DBOX] Delte block box
[17:59:27][3DBOX] Delte block box
[17:59:27][3DBOX] Delte block box
[17:59:28][3DBOX] Delte block box
[17:59:28][3DBOX] Delte block box
[17:59:28][3DBOX] Delte block box
[17:59:29][3DBOX] Delte block box
[17:59:29][3DBOX] Delte block box
[17:59:29][3DBOX] Delte block box
[17:59:29][3DBOX] Delte block box
[17:59:30][3DBOX] Delte block box
[17:59:30][3DBOX] Delte block box
[17:59:30][3DBOX] Delte block box
[17:59:30][3DBOX] Delte block box
[17:59:30][3DBOX] Delte block box
[17:59:31][3DBOX] Delte block box
[17:59:31][3DBOX] Delte block box
[17:59:31][3DBOX] Delte block box
[17:59:31][3DBOX] Delte block box
[17:59:32][3DBOX] Delte block box
[17:59:32][3DBOX] Delte block box
[17:59:32][3DBOX] Delte block box
[17:59:32][3DBOX] Delte block box
[17:59:32][3DBOX] Delte block box
[17:59:33][3DBOX] Delte block box
[17:59:35][3DBOX] Delte block box
[17:59:36][3DBOX] Delte block box
[17:59:36][3DBOX] Delte block box
[17:59:36][3DBOX] Delte block box
[17:59:36][3DBOX] Delte block box
[17:59:37][3DBOX] Delte block box
[17:59:37][3DBOX] Delte block box
[17:59:37][3DBOX] Delte block box
[17:59:37][3DBOX] Delte block box
[17:59:37][3DBOX] Delte block box
[17:59:38][3DBOX] Delte block box
[17:59:38][3DBOX] Delte block box
[17:59:38][3DBOX] Delte block box
[17:59:38][3DBOX] Delte block box
[17:59:39][3DBOX] Delte block box
[17:59:39][3DBOX] Delte block box
[17:59:39][3DBOX] Delte block box
[17:59:39][3DBOX] Delte block box
[17:59:40][3DBOX] Delte block box
[17:59:40][3DBOX] Delte block box
[17:59:40][3DBOX] Delte block box
[17:59:40][3DBOX] Delte block box
[17:59:40][3DBOX] Delte block box
[17:59:41][3DBOX] Delte block box
[17:59:42][3DBOX] Delte block box
[17:59:43][3DBOX] Delte block box
[17:59:43][3DBOX] Delte block box
[17:59:43][3DBOX] Delte block box
[17:59:43][3DBOX] Saving world
[17:59:43][3DBOX] Saved world
[17:59:43][3DBOX] Delte block box
[17:59:44][3DBOX] Delte block box
[17:59:44][3DBOX] Delte block box
[17:59:44][3DBOX] Delte block box
[17:59:44][3DBOX] Delte block box
[17:59:45][3DBOX] Delte block box
[17:59:45][3DBOX] Delte block box
[17:59:45][3DBOX] Delte block box
[17:59:45][3DBOX] Delte block box
[17:59:46][3DBOX] Delte block box
[17:59:46][3DBOX] Delte block box
[17:59:46][3DBOX] Delte block box
[17:59:46][3DBOX] Delte block box
[17:59:46][3DBOX] Delte block box
[17:59:47][3DBOX] Delte block box
[17:59:47][3DBOX] Delte block box
[17:59:47][3DBOX] Delte block box
[17:59:47][3DBOX] Delte block box
[17:59:48][3DBOX] Delte block box
[17:59:48][3DBOX] Delte block box
[17:59:48][3DBOX] Delte block box
[17:59:48][3DBOX] Delte block box
[17:59:49][3DBOX] Delte block box
[17:59:49][3DBOX] Delte block box
[17:59:49][3DBOX] Delte block box
[17:59:54][3DBOX] Delte block box
[18:0:0][3DBOX] Delte block box
[18:0:0][3DBOX] Delte block box
[18:0:0][3DBOX] Delte block box
[18:0:0][3DBOX] Delte block box
[18:0:0][3DBOX] Delte block box
[18:0:1][3DBOX] Delte block box
[18:0:2][3DBOX] Delte block box
[18:0:3][3DBOX] Delte block box
[18:0:3][3DBOX] Delte block box
[18:0:3][3DBOX] Delte block box
[18:0:3][3DBOX] Delte block box
[18:0:3][3DBOX] Saving world
[18:0:3][3DBOX] Saved world
[18:0:4][3DBOX] Delte block box
[18:0:4][3DBOX] Delte block box
[18:0:4][3DBOX] Delte block box
[18:0:4][3DBOX] Delte block box
[18:0:4][3DBOX] Delte block box
[18:0:5][3DBOX] Delte block box
[18:0:5][3DBOX] Delte block box
[18:0:5][3DBOX] Delte block box
[18:0:5][3DBOX] Delte block box
[18:0:5][3DBOX] Delte block box
[18:0:6][3DBOX] Delte block box
[18:0:6][3DBOX] Delte block box
[18:0:6][3DBOX] Delte block box
[18:0:6][3DBOX] Delte block box
[18:0:7][3DBOX] Delte block box
[18:0:7][3DBOX] Delte block box
[18:0:8][3DBOX] Delte block box
[18:0:9][3DBOX] Delte block box
[18:0:9][3DBOX] Delte block box
[18:0:9][3DBOX] Delte block box
[18:0:14][3DBOX] Delte block box
[18:0:14][3DBOX] Delte block box
[18:0:15][3DBOX] Delte block box
[18:0:15][3DBOX] Delte block box
[18:0:15][3DBOX] Delte block box
[18:0:15][3DBOX] Delte block box
[18:0:16][3DBOX] Delte block box
[18:0:16][3DBOX] Delte block box
[18:0:16][3DBOX] Delte block box
[18:0:16][3DBOX] Delte block box
[18:0:17][3DBOX] Delte block box
[18:0:17][3DBOX] Delte block box
[18:0:17][3DBOX] Delte block box
[18:0:17][3DBOX] Delte block box
[18:0:17][3DBOX] Delte block box
[18:0:18][3DBOX] Delte block box
[18:0:18][3DBOX] Delte block box
[18:0:18][3DBOX] Delte block box
[18:0:18][3DBOX] Delte block box
[18:0:21][3DBOX] Delte block box
[18:0:21][3DBOX] Delte block box
[18:0:22][3DBOX] Delte block box
[18:0:22][3DBOX] Delte block box
[18:0:22][3DBOX] Delte block box
[18:0:22][3DBOX] Delte block box
[18:0:23][3DBOX] Delte block box
[18:0:23][3DBOX] Delte block box
[18:0:23][3DBOX] Delte block box
[18:0:23][3DBOX] Saving world
[18:0:23][3DBOX] Saved world
[18:0:23][3DBOX] Delte block box
[18:0:24][3DBOX] Delte block box
[18:0:24][3DBOX] Delte block box
[18:0:24][3DBOX] Delte block box
[18:0:24][3DBOX] Delte block box
[18:0:25][3DBOX] Delte block box
[18:0:25][3DBOX] Delte block box
[18:0:25][3DBOX] Delte block box
[18:0:26][3DBOX] Delte block box
[18:0:26][3DBOX] Delte block box
[18:0:26][3DBOX] Delte block box
[18:0:26][3DBOX] Delte block box
[18:0:26][3DBOX] Delte block box
[18:0:27][3DBOX] Delte block box
[18:0:27][3DBOX] Delte block box
[18:0:27][3DBOX] Delte block box
[18:0:27][3DBOX] Delte block box
[18:0:28][3DBOX] Delte block box
[18:0:28][3DBOX] Delte block box
[18:0:28][3DBOX] Delte block box
[18:0:28][3DBOX] Delte block box
[18:0:29][3DBOX] Delte block box
[18:0:29][3DBOX] Delte block box
[18:0:29][3DBOX] Delte block box
[18:0:29][3DBOX] Delte block box
[18:0:30][3DBOX] Delte block box
[18:0:30][3DBOX] Delte block box
[18:0:30][3DBOX] Delte block box
[18:0:30][3DBOX] Delte block box
[18:0:31][3DBOX] Delte block box
[18:0:31][3DBOX] Delte block box
[18:0:31][3DBOX] Delte block box
[18:0:32][3DBOX] Delte block box
[18:0:32][3DBOX] Delte block box
[18:0:32][3DBOX] Delte block box
[18:0:32][3DBOX] Delte block box
[18:0:33][3DBOX] Delte block box
[18:0:33][3DBOX] Delte block box
[18:0:33][3DBOX] Delte block box
[18:0:33][3DBOX] Delte block box
[18:0:34][3DBOX] Delte block box
[18:0:34][3DBOX] Delte block box
[18:0:34][3DBOX] Delte block box
[18:0:34][3DBOX] Delte block box
[18:0:35][3DBOX] Delte block box
[18:0:35][3DBOX] Delte block box
[18:0:35][3DBOX] Delte block box
[18:0:36][3DBOX] Delte block box
[18:0:37][3DBOX] Delte block box
[18:0:37][3DBOX] Delte block box
[18:0:38][3DBOX] Delte block box
[18:0:38][3DBOX] Delte block box
[18:0:38][3DBOX] Delte block box
[18:0:39][3DBOX] Delte block box
[18:0:39][3DBOX] Delte block box
[18:0:39][3DBOX] Delte block box
[18:0:39][3DBOX] Delte block box
[18:0:40][3DBOX] Delte block box
[18:0:40][3DBOX] Delte block box
[18:0:40][3DBOX] Delte block box
[18:0:40][3DBOX] Delte block box
[18:0:41][3DBOX] Delte block box
[18:0:41][3DBOX] Delte block box
[18:0:41][3DBOX] Delte block box
[18:0:41][3DBOX] Delte block box
[18:0:42][3DBOX] Delte block box
[18:0:42][3DBOX] Delte block box
[18:0:42][3DBOX] Delte block box
[18:0:42][3DBOX] Delte block box
[18:0:42][3DBOX] Delte block box
[18:0:43][3DBOX] Delte block box
[18:0:43][3DBOX] Delte block box
[18:0:43][3DBOX] Delte block box
[18:0:43][3DBOX] Saving world
[18:0:43][3DBOX] Saved world
[18:0:50][3DBOX] Delte block box
[18:0:51][3DBOX] Delte block box
[18:0:51][3DBOX] Delte block box
[18:0:52][3DBOX] Delte block box
[18:0:52][3DBOX] Delte block box
[18:0:52][3DBOX] Delte block box
[18:0:52][3DBOX] Delte block box
[18:0:53][3DBOX] Delte block box
[18:0:53][3DBOX] Delte block box
[18:0:53][3DBOX] Delte block box
[18:0:54][3DBOX] Delte block box
[18:0:54][3DBOX] Delte block box
[18:0:54][3DBOX] Delte block box
[18:0:55][3DBOX] Delte block box
[18:0:55][3DBOX] Delte block box
[18:0:55][3DBOX] Delte block box
[18:0:55][3DBOX] Delte block box
[18:0:56][3DBOX] Delte block box
[18:0:56][3DBOX] Delte block box
[18:0:56][3DBOX] Delte block box
[18:0:56][3DBOX] Delte block box
[18:0:57][3DBOX] Delte block box
[18:0:57][3DBOX] Delte block box
[18:0:57][3DBOX] Delte block box
[18:0:57][3DBOX] Delte block box
[18:0:58][3DBOX] Delte block box
[18:0:58][3DBOX] Delte block box
[18:0:58][3DBOX] Delte block box
[18:0:58][3DBOX] Delte block box
[18:0:58][3DBOX] Delte block box
[18:0:59][3DBOX] Delte block box
[18:0:59][3DBOX] Delte block box
[18:0:59][3DBOX] Delte block box
[18:0:59][3DBOX] Delte block box
[18:1:0][3DBOX] Delte block box
[18:1:0][3DBOX] Delte block box
[18:1:2][3DBOX] Delte block box
[18:1:2][3DBOX] Delte block box
[18:1:3][3DBOX] Delte block box
[18:1:3][3DBOX] Delte block box
[18:1:3][3DBOX] Delte block box
[18:1:3][3DBOX] Delte block box
[18:1:3][3DBOX] Saving world
[18:1:3][3DBOX] Saved world
[18:1:4][3DBOX] Delte block box
[18:1:4][3DBOX] Delte block box
[18:1:4][3DBOX] Delte block box
[18:1:4][3DBOX] Delte block box
[18:1:5][3DBOX] Delte block box
[18:1:5][3DBOX] Delte block box
[18:1:5][3DBOX] Delte block box
[18:1:6][3DBOX] Delte block box
[18:1:6][3DBOX] Delte block box
[18:1:6][3DBOX] Delte block box
[18:1:7][3DBOX] Delte block box
[18:1:7][3DBOX] Delte block box
[18:1:7][3DBOX] Delte block box
[18:1:7][3DBOX] Delte block box
[18:1:8][3DBOX] Delte block box
[18:1:8][3DBOX] Delte block box
[18:1:8][3DBOX] Delte block box
[18:1:8][3DBOX] Delte block box
[18:1:9][3DBOX] Delte block box
[18:1:9][3DBOX] Delte block box
[18:1:9][3DBOX] Delte block box
[18:1:9][3DBOX] Delte block box
[18:1:10][3DBOX] Delte block box
[18:1:10][3DBOX] Delte block box
[18:1:10][3DBOX] Delte block box
[18:1:11][3DBOX] Delte block box
[18:1:11][3DBOX] Delte block box
[18:1:11][3DBOX] Delte block box
[18:1:11][3DBOX] Delte block box
[18:1:12][3DBOX] Delte block box
[18:1:12][3DBOX] Delte block box
[18:1:12][3DBOX] Delte block box
[18:1:12][3DBOX] Delte block box
[18:1:13][3DBOX] Delte block box
[18:1:13][3DBOX] Delte block box
[18:1:13][3DBOX] Delte block box
[18:1:13][3DBOX] Delte block box
[18:1:14][3DBOX] Delte block box
[18:1:14][3DBOX] Delte block box
[18:1:14][3DBOX] Delte block box
[18:1:14][3DBOX] Delte block box
[18:1:15][3DBOX] Delte block box
[18:1:15][3DBOX] Delte block box
[18:1:15][3DBOX] Delte block box
[18:1:16][3DBOX] Delte block box
[18:1:16][3DBOX] Delte block box
[18:1:16][3DBOX] Delte block box
[18:1:16][3DBOX] Delte block box
[18:1:17][3DBOX] Delte block box
[18:1:17][3DBOX] Delte block box
[18:1:17][3DBOX] Delte block box
[18:1:18][3DBOX] Delte block box
[18:1:18][3DBOX] Delte block box
[18:1:18][3DBOX] Delte block box
[18:1:18][3DBOX] Delte block box
[18:1:18][3DBOX] Delte block box
[18:1:19][3DBOX] Delte block box
[18:1:19][3DBOX] Delte block box
[18:1:19][3DBOX] Delte block box
[18:1:19][3DBOX] Delte block box
[18:1:20][3DBOX] Delte block box
[18:1:20][3DBOX] Delte block box
[18:1:20][3DBOX] Delte block box
[18:1:21][3DBOX] Delte block box
[18:1:21][3DBOX] Delte block box
[18:1:22][3DBOX] Delte block box
[18:1:22][3DBOX] Delte block box
[18:1:22][3DBOX] Delte block box
[18:1:22][3DBOX] Delte block box
[18:1:23][3DBOX] Delte block box
[18:1:23][3DBOX] Delte block box
[18:1:23][3DBOX] Delte block box
[18:1:23][3DBOX] Delte block box
[18:1:23][3DBOX] Saving world
[18:1:23][3DBOX] Saved world
[18:1:24][3DBOX] Delte block box
[18:1:24][3DBOX] Delte block box
[18:1:25][3DBOX] Delte block box
[18:1:25][3DBOX] Delte block box
[18:1:25][3DBOX] Delte block box
[18:1:25][3DBOX] Delte block box
[18:1:26][3DBOX] Delte block box
[18:1:26][3DBOX] Delte block box
[18:1:26][3DBOX] Delte block box
[18:1:26][3DBOX] Delte block box
[18:1:26][3DBOX] Delte block box
[18:1:27][3DBOX] Delte block box
[18:1:27][3DBOX] Delte block box
[18:1:28][3DBOX] Delte block box
[18:1:28][3DBOX] Delte block box
[18:1:28][3DBOX] Delte block box
[18:1:28][3DBOX] Delte block box
[18:1:29][3DBOX] Delte block box
[18:1:29][3DBOX] Delte block box
[18:1:29][3DBOX] Delte block box
[18:1:30][3DBOX] Delte block box
[18:1:30][3DBOX] Delte block box
[18:1:30][3DBOX] Delte block box
[18:1:31][3DBOX] Delte block box
[18:1:31][3DBOX] Delte block box
[18:1:31][3DBOX] Delte block box
[18:1:31][3DBOX] Delte block box
[18:1:32][3DBOX] Delte block box
[18:1:32][3DBOX] Delte block box
[18:1:32][3DBOX] Delte block box
[18:1:33][3DBOX] Delte block box
[18:1:33][3DBOX] Delte block box
[18:1:33][3DBOX] Delte block box
[18:1:33][3DBOX] Delte block box
[18:1:34][3DBOX] Delte block box
[18:1:34][3DBOX] Delte block box
[18:1:34][3DBOX] Delte block box
[18:1:34][3DBOX] Delte block box
[18:1:35][3DBOX] Delte block box
[18:1:35][3DBOX] Delte block box
[18:1:35][3DBOX] Delte block box
[18:1:36][3DBOX] Delte block box
[18:1:36][3DBOX] Delte block box
[18:1:36][3DBOX] Delte block box
[18:1:37][3DBOX] Delte block box
[18:1:37][3DBOX] Delte block box
[18:1:37][3DBOX] Delte block box
[18:1:37][3DBOX] Delte block box
[18:1:37][3DBOX] Delte block box
[18:1:38][3DBOX] Delte block box
[18:1:38][3DBOX] Delte block box
[18:1:38][3DBOX] Delte block box
[18:1:38][3DBOX] Delte block box
[18:1:40][3DBOX] Delte block box
[18:1:40][3DBOX] Delte block box
[18:1:40][3DBOX] Delte block box
[18:1:43][3DBOX] Saving world
[18:1:43][3DBOX] Saved world
[18:2:3][3DBOX] Saving world
[18:2:4][3DBOX] Saved world
[18:2:6][3DBOX] New block box
[18:2:6][3DBOX] New block box
[18:2:8][3DBOX] New block box
[18:2:8][3DBOX] Delte block box
[18:2:9][3DBOX] New block box
[18:2:9][3DBOX] New block box
[18:2:14][3DBOX] New block box
[18:2:15][3DBOX] New block box
[18:2:16][3DBOX] Delte block box
[18:2:16][3DBOX] New block box
[18:2:20][3DBOX] New block box
[18:2:21][3DBOX] Delte block box
[18:2:22][3DBOX] New block box
[18:2:22][3DBOX] New block box
[18:2:23][3DBOX] Delte block box
[18:2:23][3DBOX] New block box
[18:2:24][3DBOX] Saving world
[18:2:24][3DBOX] Saved world
[18:2:26][3DBOX] New block box
[18:2:26][3DBOX] Delte block box
[18:2:27][3DBOX] New block box
[18:2:27][3DBOX] New block box
[18:2:30][3DBOX] New block box
[18:2:31][3DBOX] Delte block box
[18:2:31][3DBOX] New block box
[18:2:32][3DBOX] New block box
[18:2:33][3DBOX] Delte block box
[18:2:33][3DBOX] Delte block box
[18:2:33][3DBOX] New block box
[18:2:36][3DBOX] Delte block box
[18:2:36][3DBOX] New block box
[18:2:37][3DBOX] New block box
[18:2:38][3DBOX] Delte block box
[18:2:38][3DBOX] New block box
[18:2:39][3DBOX] New block box
[18:2:40][3DBOX] New block box
[18:2:42][3DBOX] Delte block box
[18:2:42][3DBOX] Delte block box
[18:2:44][3DBOX] Saving world
[18:2:44][3DBOX] Saved world
[18:3:4][3DBOX] Saving world
[18:3:4][3DBOX] Saved world
[18:3:7][3DBOX] Saving world
[18:3:7][3DBOX] Saved world
[18:3:7][3DBOX] Game exit
---------------------------------18:4:20-------------------------------
[18:4:20][3DBOX] Initing window
[18:4:20][3DBOX] Window setuping
[18:4:26][3DBOX] Game initing
screen resolution: (1920, 1080)
os: Windows
development mode: True
application successfully started
info: changed aspect ratio: 1.778 -> 1.778
info: changed aspect ratio: 1.778 -> 1.778
[18:4:46][3DBOX] Saving world
[18:4:46][3DBOX] Saved world
[18:5:6][3DBOX] Saving world
[18:5:6][3DBOX] Saved world
[18:5:26][3DBOX] Saving world
[18:5:26][3DBOX] Saved world
[18:5:46][3DBOX] Saving world
[18:5:46][3DBOX] Saved world
[18:5:49][3DBOX] Saving world
[18:5:49][3DBOX] Saved world
[18:5:49][3DBOX] Game exit
